0 verbose cli /usr/bin/node /usr/bin/npm
1 info using npm@9.5.1
2 info using node@v18.16.1
3 timing npm:load:whichnode Completed in 1ms
4 timing config:load:defaults Completed in 2ms
5 timing config:load:file:/usr/lib/node_modules/npm/npmrc Completed in 1ms
6 timing config:load:builtin Completed in 1ms
7 timing config:load:cli Completed in 2ms
8 timing config:load:env Completed in 0ms
9 timing config:load:file:/opt/countly/plugins/dashboards/.npmrc Completed in 0ms
10 timing config:load:project Completed in 3ms
11 timing config:load:file:/opt/countly/.npmrc Completed in 1ms
12 timing config:load:user Completed in 1ms
13 timing config:load:file:/opt/countly/.local/etc/npmrc Completed in 0ms
14 timing config:load:global Completed in 1ms
15 timing config:load:setEnvs Completed in 1ms
16 timing config:load Completed in 11ms
17 timing npm:load:configload Completed in 11ms
18 timing npm:load:mkdirpcache Completed in 0ms
19 timing npm:load:mkdirplogs Completed in 0ms
20 verbose title npm install
21 verbose argv "install"
22 timing npm:load:setTitle Completed in 1ms
23 timing config:load:flatten Completed in 2ms
24 timing npm:load:display Completed in 4ms
25 verbose logfile logs-max:10 dir:/opt/countly/.npm/_logs/2023-07-13T15_57_42_763Z-
26 verbose logfile /opt/countly/.npm/_logs/2023-07-13T15_57_42_763Z-debug-0.log
27 timing npm:load:logFile Completed in 6ms
28 timing npm:load:timers Completed in 0ms
29 timing npm:load:configScope Completed in 0ms
30 timing npm:load Completed in 24ms
31 timing arborist:ctor Completed in 1ms
32 silly logfile start cleaning logs, removing 1 files
33 silly logfile done cleaning log files
34 timing idealTree:init Completed in 7ms
35 timing idealTree:userRequests Completed in 0ms
36 silly idealTree buildDeps
37 timing idealTree:#root Completed in 0ms
38 timing idealTree:buildDeps Completed in 2ms
39 timing idealTree:fixDepFlags Completed in 0ms
40 timing idealTree Completed in 10ms
41 timing reify:loadTrees Completed in 12ms
42 timing reify:diffTrees Completed in 0ms
43 silly reify moves {}
44 timing reify:retireShallow Completed in 2ms
45 timing reify:createSparse Completed in 0ms
46 timing reify:trashOmits Completed in 0ms
47 timing reify:loadBundles Completed in 0ms
48 silly audit report null
49 timing reify:audit Completed in 1ms
50 timing reify:unpack Completed in 1ms
51 timing reify:unretire Completed in 0ms
52 timing build:queue Completed in 0ms
53 timing build:deps Completed in 1ms
54 timing build Completed in 1ms
55 timing reify:build Completed in 127ms
56 timing reify:trash Completed in 0ms
57 timing reify:save Completed in 2ms
58 timing reify Completed in 154ms
59 timing command:install Completed in 165ms
60 verbose exit 0
61 timing npm Completed in 203ms
62 info ok
